app/build/outputs/logs/manifest-merger-debug-report.txt
-- Merging decision tree log ---
manifest
ADDED from src\main\AndroidManifest.xml:19:1-44:12
	xmlns:android
		ADDED from src\main\AndroidManifest.xml:19:11-69
	package
		ADDED from src\main\AndroidManifest.xml:21:9-43
		INJECTED from src\main\AndroidManifest.xml
		INJECTED from src\main\AndroidManifest.xml
	xmlns:androidprv
		ADDED from src\main\AndroidManifest.xml:20:9-74
uses-sdk
ADDED from src\main\AndroidManifest.xml:23:5-73
	android:targetSdkVersion
		ADDED from src\main\AndroidManifest.xml:23:42-71
		INJECTED from src\main\AndroidManifest.xml
		INJECTED from src\main\AndroidManifest.xml
	android:minSdkVersion
		ADDED from src\main\AndroidManifest.xml:23:15-41
		INJECTED from src\main\AndroidManifest.xml
		INJECTED from src\main\AndroidManifest.xml
application
ADDED from src\main\AndroidManifest.xml:25:5-43:19
	android:label
		ADDED from src\main\AndroidManifest.xml:27:9-42
	android:icon
		ADDED from src\main\AndroidManifest.xml:28:9-38
	android:theme
		ADDED from src\main\AndroidManifest.xml:29:9-49
	android:hardwareAccelerated
		ADDED from src\main\AndroidManifest.xml:26:9-43
activity#com.android.systemui.egg.LLandActivity
ADDED from src\main\AndroidManifest.xml:31:9-40:20
	android:label
		ADDED from src\main\AndroidManifest.xml:32:19-48
	android:hardwareAccelerated
		ADDED from src\main\AndroidManifest.xml:33:19-53
	android:name
		ADDED from src\main\AndroidManifest.xml:31:19-72
	android:launchMode
		ADDED from src\main\AndroidManifest.xml:34:19-54
intent-filter#android.intent.action.MAIN+android.intent.category.DEFAULT+android.intent.category.LAUNCHER
ADDED from src\main\AndroidManifest.xml:35:13-39:29
action#android.intent.action.MAIN
ADDED from src\main\AndroidManifest.xml:36:17-68
	android:name
		ADDED from src\main\AndroidManifest.xml:36:25-66
category#android.intent.category.DEFAULT
ADDED from src\main\AndroidManifest.xml:37:17-76
	android:name
		ADDED from src\main\AndroidManifest.xml:37:27-73
category#android.intent.category.LAUNCHER
ADDED from src\main\AndroidManifest.xml:38:17-77
	android:name
		ADDED from src\main\AndroidManifest.xml:38:27-74